The system is: Linux - 4.0.4-gentoo - i686
Compiling the C compiler identification source file "CMakeCCompilerId.c" succeeded.
Compiler: /usr/bin/cc 
Build flags: 
Id flags: 

The output was:
0


Compilation of the C compiler identification source "CMakeCCompilerId.c" produced "a.out"

The C compiler identification is GNU, found in "/home/setser/Tiny/build/CMakeFiles/2.8.12.2/CompilerIdC/a.out"

Compiling the CXX compiler identification source file "CMakeCXXCompilerId.cpp" succeeded.
Compiler: /usr/bin/c++ 
Build flags: 
Id flags: 

The output was:
0


Compilation of the CXX compiler identification source "CMakeCXXCompilerId.cpp" produced "a.out"

The CXX compiler identification is GNU, found in "/home/setser/Tiny/build/CMakeFiles/2.8.12.2/CompilerIdCXX/a.out"

Determining if the C compiler works passed with the following output:
Change Dir: /home/setser/Tiny/build/CMakeFiles/CMakeTmp

Run Build Command:/usr/bin/gmake "cmTryCompileExec2164976649/fast"
/usr/bin/gmake -f CMakeFiles/cmTryCompileExec2164976649.dir/build.make CMakeFiles/cmTryCompileExec2164976649.dir/build
gmake[1]: вход в каталог «/home/setser/Tiny/build/CMakeFiles/CMakeTmp»
/usr/bin/cmake -E cmake_progress_report /home/setser/Tiny/build/CMakeFiles/CMakeTmp/CMakeFiles 1
Building C object CMakeFiles/cmTryCompileExec2164976649.dir/testCCompiler.c.o
/usr/bin/cc    -o CMakeFiles/cmTryCompileExec2164976649.dir/testCCompiler.c.o   -c /home/setser/Tiny/build/CMakeFiles/CMakeTmp/testCCompiler.c
Linking C executable cmTryCompileExec2164976649
/usr/bin/cmake -E cmake_link_script CMakeFiles/cmTryCompileExec2164976649.dir/link.txt --verbose=1
/usr/bin/cc       CMakeFiles/cmTryCompileExec2164976649.dir/testCCompiler.c.o  -o cmTryCompileExec2164976649 -rdynamic 
gmake[1]: выход из каталога «/home/setser/Tiny/build/CMakeFiles/CMakeTmp»


Detecting C compiler ABI info compiled with the following output:
Change Dir: /home/setser/Tiny/build/CMakeFiles/CMakeTmp

Run Build Command:/usr/bin/gmake "cmTryCompileExec1620699182/fast"
/usr/bin/gmake -f CMakeFiles/cmTryCompileExec1620699182.dir/build.make CMakeFiles/cmTryCompileExec1620699182.dir/build
gmake[1]: вход в каталог «/home/setser/Tiny/build/CMakeFiles/CMakeTmp»
/usr/bin/cmake -E cmake_progress_report /home/setser/Tiny/build/CMakeFiles/CMakeTmp/CMakeFiles 1
Building C object CMakeFiles/cmTryCompileExec1620699182.dir/CMakeCCompilerABI.c.o
/usr/bin/cc    -o CMakeFiles/cmTryCompileExec1620699182.dir/CMakeCCompilerABI.c.o   -c /usr/share/cmake/Modules/CMakeCCompilerABI.c
Linking C executable cmTryCompileExec1620699182
/usr/bin/cmake -E cmake_link_script CMakeFiles/cmTryCompileExec1620699182.dir/link.txt --verbose=1
/usr/bin/cc     -v CMakeFiles/cmTryCompileExec1620699182.dir/CMakeCCompilerABI.c.o  -o cmTryCompileExec1620699182 -rdynamic  
Используются внутренние спецификации.
COLLECT_GCC=/usr/i686-pc-linux-gnu/gcc-bin/4.8.4/gcc
COLLECT_LTO_WRAPPER=/usr/libexec/gcc/i686-pc-linux-gnu/4.8.4/lto-wrapper
Целевая архитектура: i686-pc-linux-gnu
Параметры конфигурации: /var/tmp/portage/sys-devel/gcc-4.8.4/work/gcc-4.8.4/configure --host=i686-pc-linux-gnu --build=i686-pc-linux-gnu --prefix=/usr --bindir=/usr/i686-pc-linux-gnu/gcc-bin/4.8.4 --includedir=/usr/lib/gcc/i686-pc-linux-gnu/4.8.4/include --datadir=/usr/share/gcc-data/i686-pc-linux-gnu/4.8.4 --mandir=/usr/share/gcc-data/i686-pc-linux-gnu/4.8.4/man --infodir=/usr/share/gcc-data/i686-pc-linux-gnu/4.8.4/info --with-gxx-include-dir=/usr/lib/gcc/i686-pc-linux-gnu/4.8.4/include/g++-v4 --with-python-dir=/share/gcc-data/i686-pc-linux-gnu/4.8.4/python --enable-languages=c,c++,fortran --enable-obsolete --enable-secureplt --disable-werror --with-system-zlib --enable-nls --without-included-gettext --enable-checking=release --with-bugurl=https://bugs.gentoo.org/ --with-pkgversion='Gentoo 4.8.4 p1.5, pie-0.6.1' --enable-libstdcxx-time --enable-shared --enable-threads=posix --enable-__cxa_atexit --enable-clocale=gnu --disable-multilib --disable-altivec --disable-fixed-point --with-arch=i686 --enable-targets=all --disable-libgcj --enable-libgomp --disable-libmudflap --disable-libssp --enable-lto --without-cloog --enable-libsanitizer
Модель многопоточности: posix
gcc версия 4.8.4 (Gentoo 4.8.4 p1.5, pie-0.6.1) 
COMPILER_PATH=/usr/libexec/gcc/i686-pc-linux-gnu/4.8.4/:/usr/libexec/gcc/i686-pc-linux-gnu/4.8.4/:/usr/libexec/gcc/i686-pc-linux-gnu/:/usr/lib/gcc/i686-pc-linux-gnu/4.8.4/:/usr/lib/gcc/i686-pc-linux-gnu/:/usr/lib/gcc/i686-pc-linux-gnu/4.8.4/../../../../i686-pc-linux-gnu/bin/
LIBRARY_PATH=/usr/lib/gcc/i686-pc-linux-gnu/4.8.4/:/usr/lib/gcc/i686-pc-linux-gnu/4.8.4/../../../../i686-pc-linux-gnu/lib/../lib/:/usr/lib/gcc/i686-pc-linux-gnu/4.8.4/../../../../lib/:/lib/../lib/:/usr/lib/../lib/:/usr/lib/gcc/i686-pc-linux-gnu/4.8.4/../../../../i686-pc-linux-gnu/lib/:/usr/lib/gcc/i686-pc-linux-gnu/4.8.4/../../../:/lib/:/usr/lib/
COLLECT_GCC_OPTIONS='-v' '-o' 'cmTryCompileExec1620699182' '-rdynamic' '-mtune=generic' '-march=i686'
 /usr/libexec/gcc/i686-pc-linux-gnu/4.8.4/collect2 --eh-frame-hdr -m elf_i386 -export-dynamic -dynamic-linker /lib/ld-linux.so.2 -o cmTryCompileExec1620699182 /usr/lib/gcc/i686-pc-linux-gnu/4.8.4/../../../../lib/crt1.o /usr/lib/gcc/i686-pc-linux-gnu/4.8.4/../../../../lib/crti.o /usr/lib/gcc/i686-pc-linux-gnu/4.8.4/crtbegin.o -L/usr/lib/gcc/i686-pc-linux-gnu/4.8.4 -L/usr/lib/gcc/i686-pc-linux-gnu/4.8.4/../../../../i686-pc-linux-gnu/lib/../lib -L/usr/lib/gcc/i686-pc-linux-gnu/4.8.4/../../../../lib -L/lib/../lib -L/usr/lib/../lib -L/usr/lib/gcc/i686-pc-linux-gnu/4.8.4/../../../../i686-pc-linux-gnu/lib -L/usr/lib/gcc/i686-pc-linux-gnu/4.8.4/../../.. CMakeFiles/cmTryCompileExec1620699182.dir/CMakeCCompilerABI.c.o -lgcc --as-needed -lgcc_s --no-as-needed -lc -lgcc --as-needed -lgcc_s --no-as-needed /usr/lib/gcc/i686-pc-linux-gnu/4.8.4/crtend.o /usr/lib/gcc/i686-pc-linux-gnu/4.8.4/../../../../lib/crtn.o
gmake[1]: выход из каталога «/home/setser/Tiny/build/CMakeFiles/CMakeTmp»


Parsed C implicit link information from above output:
  link line regex: [^( *|.*[/\])(ld|([^/\]+-)?ld|collect2)[^/\]*( |$)]
  ignore line: [Change Dir: /home/setser/Tiny/build/CMakeFiles/CMakeTmp]
  ignore line: []
  ignore line: [Run Build Command:/usr/bin/gmake "cmTryCompileExec1620699182/fast"]
  ignore line: [/usr/bin/gmake -f CMakeFiles/cmTryCompileExec1620699182.dir/build.make CMakeFiles/cmTryCompileExec1620699182.dir/build]
  ignore line: [gmake[1]: вход в каталог «/home/setser/Tiny/build/CMakeFiles/CMakeTmp»]
  ignore line: [/usr/bin/cmake -E cmake_progress_report /home/setser/Tiny/build/CMakeFiles/CMakeTmp/CMakeFiles 1]
  ignore line: [Building C object CMakeFiles/cmTryCompileExec1620699182.dir/CMakeCCompilerABI.c.o]
  ignore line: [/usr/bin/cc    -o CMakeFiles/cmTryCompileExec1620699182.dir/CMakeCCompilerABI.c.o   -c /usr/share/cmake/Modules/CMakeCCompilerABI.c]
  ignore line: [Linking C executable cmTryCompileExec1620699182]
  ignore line: [/usr/bin/cmake -E cmake_link_script CMakeFiles/cmTryCompileExec1620699182.dir/link.txt --verbose=1]
  ignore line: [/usr/bin/cc     -v CMakeFiles/cmTryCompileExec1620699182.dir/CMakeCCompilerABI.c.o  -o cmTryCompileExec1620699182 -rdynamic  ]
  ignore line: [Используются внутренние спецификации.]
  ignore line: [COLLECT_GCC=/usr/i686-pc-linux-gnu/gcc-bin/4.8.4/gcc]
  ignore line: [COLLECT_LTO_WRAPPER=/usr/libexec/gcc/i686-pc-linux-gnu/4.8.4/lto-wrapper]
  ignore line: [Целевая архитектура: i686-pc-linux-gnu]
  ignore line: [Параметры конфигурации: /var/tmp/portage/sys-devel/gcc-4.8.4/work/gcc-4.8.4/configure --host=i686-pc-linux-gnu --build=i686-pc-linux-gnu --prefix=/usr --bindir=/usr/i686-pc-linux-gnu/gcc-bin/4.8.4 --includedir=/usr/lib/gcc/i686-pc-linux-gnu/4.8.4/include --datadir=/usr/share/gcc-data/i686-pc-linux-gnu/4.8.4 --mandir=/usr/share/gcc-data/i686-pc-linux-gnu/4.8.4/man --infodir=/usr/share/gcc-data/i686-pc-linux-gnu/4.8.4/info --with-gxx-include-dir=/usr/lib/gcc/i686-pc-linux-gnu/4.8.4/include/g++-v4 --with-python-dir=/share/gcc-data/i686-pc-linux-gnu/4.8.4/python --enable-languages=c,c++,fortran --enable-obsolete --enable-secureplt --disable-werror --with-system-zlib --enable-nls --without-included-gettext --enable-checking=release --with-bugurl=https://bugs.gentoo.org/ --with-pkgversion='Gentoo 4.8.4 p1.5, pie-0.6.1' --enable-libstdcxx-time --enable-shared --enable-threads=posix --enable-__cxa_atexit --enable-clocale=gnu --disable-multilib --disable-altivec --disable-fixed-point --with-arch=i686 --enable-targets=all --disable-libgcj --enable-libgomp --disable-libmudflap --disable-libssp --enable-lto --without-cloog --enable-libsanitizer]
  ignore line: [Модель многопоточности: posix]
  ignore line: [gcc версия 4.8.4 (Gentoo 4.8.4 p1.5, pie-0.6.1) ]
  ignore line: [COMPILER_PATH=/usr/libexec/gcc/i686-pc-linux-gnu/4.8.4/:/usr/libexec/gcc/i686-pc-linux-gnu/4.8.4/:/usr/libexec/gcc/i686-pc-linux-gnu/:/usr/lib/gcc/i686-pc-linux-gnu/4.8.4/:/usr/lib/gcc/i686-pc-linux-gnu/:/usr/lib/gcc/i686-pc-linux-gnu/4.8.4/../../../../i686-pc-linux-gnu/bin/]
  ignore line: [LIBRARY_PATH=/usr/lib/gcc/i686-pc-linux-gnu/4.8.4/:/usr/lib/gcc/i686-pc-linux-gnu/4.8.4/../../../../i686-pc-linux-gnu/lib/../lib/:/usr/lib/gcc/i686-pc-linux-gnu/4.8.4/../../../../lib/:/lib/../lib/:/usr/lib/../lib/:/usr/lib/gcc/i686-pc-linux-gnu/4.8.4/../../../../i686-pc-linux-gnu/lib/:/usr/lib/gcc/i686-pc-linux-gnu/4.8.4/../../../:/lib/:/usr/lib/]
  ignore line: [COLLECT_GCC_OPTIONS='-v' '-o' 'cmTryCompileExec1620699182' '-rdynamic' '-mtune=generic' '-march=i686']
  link line: [ /usr/libexec/gcc/i686-pc-linux-gnu/4.8.4/collect2 --eh-frame-hdr -m elf_i386 -export-dynamic -dynamic-linker /lib/ld-linux.so.2 -o cmTryCompileExec1620699182 /usr/lib/gcc/i686-pc-linux-gnu/4.8.4/../../../../lib/crt1.o /usr/lib/gcc/i686-pc-linux-gnu/4.8.4/../../../../lib/crti.o /usr/lib/gcc/i686-pc-linux-gnu/4.8.4/crtbegin.o -L/usr/lib/gcc/i686-pc-linux-gnu/4.8.4 -L/usr/lib/gcc/i686-pc-linux-gnu/4.8.4/../../../../i686-pc-linux-gnu/lib/../lib -L/usr/lib/gcc/i686-pc-linux-gnu/4.8.4/../../../../lib -L/lib/../lib -L/usr/lib/../lib -L/usr/lib/gcc/i686-pc-linux-gnu/4.8.4/../../../../i686-pc-linux-gnu/lib -L/usr/lib/gcc/i686-pc-linux-gnu/4.8.4/../../.. CMakeFiles/cmTryCompileExec1620699182.dir/CMakeCCompilerABI.c.o -lgcc --as-needed -lgcc_s --no-as-needed -lc -lgcc --as-needed -lgcc_s --no-as-needed /usr/lib/gcc/i686-pc-linux-gnu/4.8.4/crtend.o /usr/lib/gcc/i686-pc-linux-gnu/4.8.4/../../../../lib/crtn.o]
    arg [/usr/libexec/gcc/i686-pc-linux-gnu/4.8.4/collect2] ==> ignore
    arg [--eh-frame-hdr] ==> ignore
    arg [-m] ==> ignore
    arg [elf_i386] ==> ignore
    arg [-export-dynamic] ==> ignore
    arg [-dynamic-linker] ==> ignore
    arg [/lib/ld-linux.so.2] ==> ignore
    arg [-o] ==> ignore
    arg [cmTryCompileExec1620699182] ==> ignore
    arg [/usr/lib/gcc/i686-pc-linux-gnu/4.8.4/../../../../lib/crt1.o] ==> ignore
    arg [/usr/lib/gcc/i686-pc-linux-gnu/4.8.4/../../../../lib/crti.o] ==> ignore
    arg [/usr/lib/gcc/i686-pc-linux-gnu/4.8.4/crtbegin.o] ==> ignore
    arg [-L/usr/lib/gcc/i686-pc-linux-gnu/4.8.4] ==> dir [/usr/lib/gcc/i686-pc-linux-gnu/4.8.4]
    arg [-L/usr/lib/gcc/i686-pc-linux-gnu/4.8.4/../../../../i686-pc-linux-gnu/lib/../lib] ==> dir [/usr/lib/gcc/i686-pc-linux-gnu/4.8.4/../../../../i686-pc-linux-gnu/lib/../lib]
    arg [-L/usr/lib/gcc/i686-pc-linux-gnu/4.8.4/../../../../lib] ==> dir [/usr/lib/gcc/i686-pc-linux-gnu/4.8.4/../../../../lib]
    arg [-L/lib/../lib] ==> dir [/lib/../lib]
    arg [-L/usr/lib/../lib] ==> dir [/usr/lib/../lib]
    arg [-L/usr/lib/gcc/i686-pc-linux-gnu/4.8.4/../../../../i686-pc-linux-gnu/lib] ==> dir [/usr/lib/gcc/i686-pc-linux-gnu/4.8.4/../../../../i686-pc-linux-gnu/lib]
    arg [-L/usr/lib/gcc/i686-pc-linux-gnu/4.8.4/../../..] ==> dir [/usr/lib/gcc/i686-pc-linux-gnu/4.8.4/../../..]
    arg [CMakeFiles/cmTryCompileExec1620699182.dir/CMakeCCompilerABI.c.o] ==> ignore
    arg [-lgcc] ==> lib [gcc]
    arg [--as-needed] ==> ignore
    arg [-lgcc_s] ==> lib [gcc_s]
    arg [--no-as-needed] ==> ignore
    arg [-lc] ==> lib [c]
    arg [-lgcc] ==> lib [gcc]
    arg [--as-needed] ==> ignore
    arg [-lgcc_s] ==> lib [gcc_s]
    arg [--no-as-needed] ==> ignore
    arg [/usr/lib/gcc/i686-pc-linux-gnu/4.8.4/crtend.o] ==> ignore
    arg [/usr/lib/gcc/i686-pc-linux-gnu/4.8.4/../../../../lib/crtn.o] ==> ignore
  remove lib [gcc]
  remove lib [gcc_s]
  remove lib [gcc]
  remove lib [gcc_s]
  collapse library dir [/usr/lib/gcc/i686-pc-linux-gnu/4.8.4] ==> [/usr/lib/gcc/i686-pc-linux-gnu/4.8.4]
  collapse library dir [/usr/lib/gcc/i686-pc-linux-gnu/4.8.4/../../../../i686-pc-linux-gnu/lib/../lib] ==> [/usr/i686-pc-linux-gnu/lib]
  collapse library dir [/usr/lib/gcc/i686-pc-linux-gnu/4.8.4/../../../../lib] ==> [/usr/lib]
  collapse library dir [/lib/../lib] ==> [/lib]
  collapse library dir [/usr/lib/../lib] ==> [/usr/lib]
  collapse library dir [/usr/lib/gcc/i686-pc-linux-gnu/4.8.4/../../../../i686-pc-linux-gnu/lib] ==> [/usr/i686-pc-linux-gnu/lib]
  collapse library dir [/usr/lib/gcc/i686-pc-linux-gnu/4.8.4/../../..] ==> [/usr/lib]
  implicit libs: [c]
  implicit dirs: [/usr/lib/gcc/i686-pc-linux-gnu/4.8.4;/usr/i686-pc-linux-gnu/lib;/usr/lib;/lib]
  implicit fwks: []


Determining if the CXX compiler works passed with the following output:
Change Dir: /home/setser/Tiny/build/CMakeFiles/CMakeTmp

Run Build Command:/usr/bin/gmake "cmTryCompileExec2036696303/fast"
/usr/bin/gmake -f CMakeFiles/cmTryCompileExec2036696303.dir/build.make CMakeFiles/cmTryCompileExec2036696303.dir/build
gmake[1]: вход в каталог «/home/setser/Tiny/build/CMakeFiles/CMakeTmp»
/usr/bin/cmake -E cmake_progress_report /home/setser/Tiny/build/CMakeFiles/CMakeTmp/CMakeFiles 1
Building CXX object CMakeFiles/cmTryCompileExec2036696303.dir/testCXXCompiler.cxx.o
/usr/bin/c++     -o CMakeFiles/cmTryCompileExec2036696303.dir/testCXXCompiler.cxx.o -c /home/setser/Tiny/build/CMakeFiles/CMakeTmp/testCXXCompiler.cxx
Linking CXX executable cmTryCompileExec2036696303
/usr/bin/cmake -E cmake_link_script CMakeFiles/cmTryCompileExec2036696303.dir/link.txt --verbose=1
/usr/bin/c++        CMakeFiles/cmTryCompileExec2036696303.dir/testCXXCompiler.cxx.o  -o cmTryCompileExec2036696303 -rdynamic 
gmake[1]: выход из каталога «/home/setser/Tiny/build/CMakeFiles/CMakeTmp»


Detecting CXX compiler ABI info compiled with the following output:
Change Dir: /home/setser/Tiny/build/CMakeFiles/CMakeTmp

Run Build Command:/usr/bin/gmake "cmTryCompileExec1541058223/fast"
/usr/bin/gmake -f CMakeFiles/cmTryCompileExec1541058223.dir/build.make CMakeFiles/cmTryCompileExec1541058223.dir/build
gmake[1]: вход в каталог «/home/setser/Tiny/build/CMakeFiles/CMakeTmp»
/usr/bin/cmake -E cmake_progress_report /home/setser/Tiny/build/CMakeFiles/CMakeTmp/CMakeFiles 1
Building CXX object CMakeFiles/cmTryCompileExec1541058223.dir/CMakeCXXCompilerABI.cpp.o
/usr/bin/c++     -o CMakeFiles/cmTryCompileExec1541058223.dir/CMakeCXXCompilerABI.cpp.o -c /usr/share/cmake/Modules/CMakeCXXCompilerABI.cpp
Linking CXX executable cmTryCompileExec1541058223
/usr/bin/cmake -E cmake_link_script CMakeFiles/cmTryCompileExec1541058223.dir/link.txt --verbose=1
/usr/bin/c++      -v CMakeFiles/cmTryCompileExec1541058223.dir/CMakeCXXCompilerABI.cpp.o  -o cmTryCompileExec1541058223 -rdynamic  
Используются внутренние спецификации.
COLLECT_GCC=/usr/i686-pc-linux-gnu/gcc-bin/4.8.4/c++
COLLECT_LTO_WRAPPER=/usr/libexec/gcc/i686-pc-linux-gnu/4.8.4/lto-wrapper
Целевая архитектура: i686-pc-linux-gnu
Параметры конфигурации: /var/tmp/portage/sys-devel/gcc-4.8.4/work/gcc-4.8.4/configure --host=i686-pc-linux-gnu --build=i686-pc-linux-gnu --prefix=/usr --bindir=/usr/i686-pc-linux-gnu/gcc-bin/4.8.4 --includedir=/usr/lib/gcc/i686-pc-linux-gnu/4.8.4/include --datadir=/usr/share/gcc-data/i686-pc-linux-gnu/4.8.4 --mandir=/usr/share/gcc-data/i686-pc-linux-gnu/4.8.4/man --infodir=/usr/share/gcc-data/i686-pc-linux-gnu/4.8.4/info --with-gxx-include-dir=/usr/lib/gcc/i686-pc-linux-gnu/4.8.4/include/g++-v4 --with-python-dir=/share/gcc-data/i686-pc-linux-gnu/4.8.4/python --enable-languages=c,c++,fortran --enable-obsolete --enable-secureplt --disable-werror --with-system-zlib --enable-nls --without-included-gettext --enable-checking=release --with-bugurl=https://bugs.gentoo.org/ --with-pkgversion='Gentoo 4.8.4 p1.5, pie-0.6.1' --enable-libstdcxx-time --enable-shared --enable-threads=posix --enable-__cxa_atexit --enable-clocale=gnu --disable-multilib --disable-altivec --disable-fixed-point --with-arch=i686 --enable-targets=all --disable-libgcj --enable-libgomp --disable-libmudflap --disable-libssp --enable-lto --without-cloog --enable-libsanitizer
Модель многопоточности: posix
gcc версия 4.8.4 (Gentoo 4.8.4 p1.5, pie-0.6.1) 
COMPILER_PATH=/usr/libexec/gcc/i686-pc-linux-gnu/4.8.4/:/usr/libexec/gcc/i686-pc-linux-gnu/4.8.4/:/usr/libexec/gcc/i686-pc-linux-gnu/:/usr/lib/gcc/i686-pc-linux-gnu/4.8.4/:/usr/lib/gcc/i686-pc-linux-gnu/:/usr/lib/gcc/i686-pc-linux-gnu/4.8.4/../../../../i686-pc-linux-gnu/bin/
LIBRARY_PATH=/usr/lib/gcc/i686-pc-linux-gnu/4.8.4/:/usr/lib/gcc/i686-pc-linux-gnu/4.8.4/../../../../i686-pc-linux-gnu/lib/../lib/:/usr/lib/gcc/i686-pc-linux-gnu/4.8.4/../../../../lib/:/lib/../lib/:/usr/lib/../lib/:/usr/lib/gcc/i686-pc-linux-gnu/4.8.4/../../../../i686-pc-linux-gnu/lib/:/usr/lib/gcc/i686-pc-linux-gnu/4.8.4/../../../:/lib/:/usr/lib/
COLLECT_GCC_OPTIONS='-v' '-o' 'cmTryCompileExec1541058223' '-rdynamic' '-shared-libgcc' '-mtune=generic' '-march=i686'
 /usr/libexec/gcc/i686-pc-linux-gnu/4.8.4/collect2 --eh-frame-hdr -m elf_i386 -export-dynamic -dynamic-linker /lib/ld-linux.so.2 -o cmTryCompileExec1541058223 /usr/lib/gcc/i686-pc-linux-gnu/4.8.4/../../../../lib/crt1.o /usr/lib/gcc/i686-pc-linux-gnu/4.8.4/../../../../lib/crti.o /usr/lib/gcc/i686-pc-linux-gnu/4.8.4/crtbegin.o -L/usr/lib/gcc/i686-pc-linux-gnu/4.8.4 -L/usr/lib/gcc/i686-pc-linux-gnu/4.8.4/../../../../i686-pc-linux-gnu/lib/../lib -L/usr/lib/gcc/i686-pc-linux-gnu/4.8.4/../../../../lib -L/lib/../lib -L/usr/lib/../lib -L/usr/lib/gcc/i686-pc-linux-gnu/4.8.4/../../../../i686-pc-linux-gnu/lib -L/usr/lib/gcc/i686-pc-linux-gnu/4.8.4/../../.. CMakeFiles/cmTryCompileExec1541058223.dir/CMakeCXXCompilerABI.cpp.o -lstdc++ -lm -lgcc_s -lgcc -lc -lgcc_s -lgcc /usr/lib/gcc/i686-pc-linux-gnu/4.8.4/crtend.o /usr/lib/gcc/i686-pc-linux-gnu/4.8.4/../../../../lib/crtn.o
gmake[1]: выход из каталога «/home/setser/Tiny/build/CMakeFiles/CMakeTmp»


Parsed CXX implicit link information from above output:
  link line regex: [^( *|.*[/\])(ld|([^/\]+-)?ld|collect2)[^/\]*( |$)]
  ignore line: [Change Dir: /home/setser/Tiny/build/CMakeFiles/CMakeTmp]
  ignore line: []
  ignore line: [Run Build Command:/usr/bin/gmake "cmTryCompileExec1541058223/fast"]
  ignore line: [/usr/bin/gmake -f CMakeFiles/cmTryCompileExec1541058223.dir/build.make CMakeFiles/cmTryCompileExec1541058223.dir/build]
  ignore line: [gmake[1]: вход в каталог «/home/setser/Tiny/build/CMakeFiles/CMakeTmp»]
  ignore line: [/usr/bin/cmake -E cmake_progress_report /home/setser/Tiny/build/CMakeFiles/CMakeTmp/CMakeFiles 1]
  ignore line: [Building CXX object CMakeFiles/cmTryCompileExec1541058223.dir/CMakeCXXCompilerABI.cpp.o]
  ignore line: [/usr/bin/c++     -o CMakeFiles/cmTryCompileExec1541058223.dir/CMakeCXXCompilerABI.cpp.o -c /usr/share/cmake/Modules/CMakeCXXCompilerABI.cpp]
  ignore line: [Linking CXX executable cmTryCompileExec1541058223]
  ignore line: [/usr/bin/cmake -E cmake_link_script CMakeFiles/cmTryCompileExec1541058223.dir/link.txt --verbose=1]
  ignore line: [/usr/bin/c++      -v CMakeFiles/cmTryCompileExec1541058223.dir/CMakeCXXCompilerABI.cpp.o  -o cmTryCompileExec1541058223 -rdynamic  ]
  ignore line: [Используются внутренние спецификации.]
  ignore line: [COLLECT_GCC=/usr/i686-pc-linux-gnu/gcc-bin/4.8.4/c++]
  ignore line: [COLLECT_LTO_WRAPPER=/usr/libexec/gcc/i686-pc-linux-gnu/4.8.4/lto-wrapper]
  ignore line: [Целевая архитектура: i686-pc-linux-gnu]
  ignore line: [Параметры конфигурации: /var/tmp/portage/sys-devel/gcc-4.8.4/work/gcc-4.8.4/configure --host=i686-pc-linux-gnu --build=i686-pc-linux-gnu --prefix=/usr --bindir=/usr/i686-pc-linux-gnu/gcc-bin/4.8.4 --includedir=/usr/lib/gcc/i686-pc-linux-gnu/4.8.4/include --datadir=/usr/share/gcc-data/i686-pc-linux-gnu/4.8.4 --mandir=/usr/share/gcc-data/i686-pc-linux-gnu/4.8.4/man --infodir=/usr/share/gcc-data/i686-pc-linux-gnu/4.8.4/info --with-gxx-include-dir=/usr/lib/gcc/i686-pc-linux-gnu/4.8.4/include/g++-v4 --with-python-dir=/share/gcc-data/i686-pc-linux-gnu/4.8.4/python --enable-languages=c,c++,fortran --enable-obsolete --enable-secureplt --disable-werror --with-system-zlib --enable-nls --without-included-gettext --enable-checking=release --with-bugurl=https://bugs.gentoo.org/ --with-pkgversion='Gentoo 4.8.4 p1.5, pie-0.6.1' --enable-libstdcxx-time --enable-shared --enable-threads=posix --enable-__cxa_atexit --enable-clocale=gnu --disable-multilib --disable-altivec --disable-fixed-point --with-arch=i686 --enable-targets=all --disable-libgcj --enable-libgomp --disable-libmudflap --disable-libssp --enable-lto --without-cloog --enable-libsanitizer]
  ignore line: [Модель многопоточности: posix]
  ignore line: [gcc версия 4.8.4 (Gentoo 4.8.4 p1.5, pie-0.6.1) ]
  ignore line: [COMPILER_PATH=/usr/libexec/gcc/i686-pc-linux-gnu/4.8.4/:/usr/libexec/gcc/i686-pc-linux-gnu/4.8.4/:/usr/libexec/gcc/i686-pc-linux-gnu/:/usr/lib/gcc/i686-pc-linux-gnu/4.8.4/:/usr/lib/gcc/i686-pc-linux-gnu/:/usr/lib/gcc/i686-pc-linux-gnu/4.8.4/../../../../i686-pc-linux-gnu/bin/]
  ignore line: [LIBRARY_PATH=/usr/lib/gcc/i686-pc-linux-gnu/4.8.4/:/usr/lib/gcc/i686-pc-linux-gnu/4.8.4/../../../../i686-pc-linux-gnu/lib/../lib/:/usr/lib/gcc/i686-pc-linux-gnu/4.8.4/../../../../lib/:/lib/../lib/:/usr/lib/../lib/:/usr/lib/gcc/i686-pc-linux-gnu/4.8.4/../../../../i686-pc-linux-gnu/lib/:/usr/lib/gcc/i686-pc-linux-gnu/4.8.4/../../../:/lib/:/usr/lib/]
  ignore line: [COLLECT_GCC_OPTIONS='-v' '-o' 'cmTryCompileExec1541058223' '-rdynamic' '-shared-libgcc' '-mtune=generic' '-march=i686']
  link line: [ /usr/libexec/gcc/i686-pc-linux-gnu/4.8.4/collect2 --eh-frame-hdr -m elf_i386 -export-dynamic -dynamic-linker /lib/ld-linux.so.2 -o cmTryCompileExec1541058223 /usr/lib/gcc/i686-pc-linux-gnu/4.8.4/../../../../lib/crt1.o /usr/lib/gcc/i686-pc-linux-gnu/4.8.4/../../../../lib/crti.o /usr/lib/gcc/i686-pc-linux-gnu/4.8.4/crtbegin.o -L/usr/lib/gcc/i686-pc-linux-gnu/4.8.4 -L/usr/lib/gcc/i686-pc-linux-gnu/4.8.4/../../../../i686-pc-linux-gnu/lib/../lib -L/usr/lib/gcc/i686-pc-linux-gnu/4.8.4/../../../../lib -L/lib/../lib -L/usr/lib/../lib -L/usr/lib/gcc/i686-pc-linux-gnu/4.8.4/../../../../i686-pc-linux-gnu/lib -L/usr/lib/gcc/i686-pc-linux-gnu/4.8.4/../../.. CMakeFiles/cmTryCompileExec1541058223.dir/CMakeCXXCompilerABI.cpp.o -lstdc++ -lm -lgcc_s -lgcc -lc -lgcc_s -lgcc /usr/lib/gcc/i686-pc-linux-gnu/4.8.4/crtend.o /usr/lib/gcc/i686-pc-linux-gnu/4.8.4/../../../../lib/crtn.o]
    arg [/usr/libexec/gcc/i686-pc-linux-gnu/4.8.4/collect2] ==> ignore
    arg [--eh-frame-hdr] ==> ignore
    arg [-m] ==> ignore
    arg [elf_i386] ==> ignore
    arg [-export-dynamic] ==> ignore
    arg [-dynamic-linker] ==> ignore
    arg [/lib/ld-linux.so.2] ==> ignore
    arg [-o] ==> ignore
    arg [cmTryCompileExec1541058223] ==> ignore
    arg [/usr/lib/gcc/i686-pc-linux-gnu/4.8.4/../../../../lib/crt1.o] ==> ignore
    arg [/usr/lib/gcc/i686-pc-linux-gnu/4.8.4/../../../../lib/crti.o] ==> ignore
    arg [/usr/lib/gcc/i686-pc-linux-gnu/4.8.4/crtbegin.o] ==> ignore
    arg [-L/usr/lib/gcc/i686-pc-linux-gnu/4.8.4] ==> dir [/usr/lib/gcc/i686-pc-linux-gnu/4.8.4]
    arg [-L/usr/lib/gcc/i686-pc-linux-gnu/4.8.4/../../../../i686-pc-linux-gnu/lib/../lib] ==> dir [/usr/lib/gcc/i686-pc-linux-gnu/4.8.4/../../../../i686-pc-linux-gnu/lib/../lib]
    arg [-L/usr/lib/gcc/i686-pc-linux-gnu/4.8.4/../../../../lib] ==> dir [/usr/lib/gcc/i686-pc-linux-gnu/4.8.4/../../../../lib]
    arg [-L/lib/../lib] ==> dir [/lib/../lib]
    arg [-L/usr/lib/../lib] ==> dir [/usr/lib/../lib]
    arg [-L/usr/lib/gcc/i686-pc-linux-gnu/4.8.4/../../../../i686-pc-linux-gnu/lib] ==> dir [/usr/lib/gcc/i686-pc-linux-gnu/4.8.4/../../../../i686-pc-linux-gnu/lib]
    arg [-L/usr/lib/gcc/i686-pc-linux-gnu/4.8.4/../../..] ==> dir [/usr/lib/gcc/i686-pc-linux-gnu/4.8.4/../../..]
    arg [CMakeFiles/cmTryCompileExec1541058223.dir/CMakeCXXCompilerABI.cpp.o] ==> ignore
    arg [-lstdc++] ==> lib [stdc++]
    arg [-lm] ==> lib [m]
    arg [-lgcc_s] ==> lib [gcc_s]
    arg [-lgcc] ==> lib [gcc]
    arg [-lc] ==> lib [c]
    arg [-lgcc_s] ==> lib [gcc_s]
    arg [-lgcc] ==> lib [gcc]
    arg [/usr/lib/gcc/i686-pc-linux-gnu/4.8.4/crtend.o] ==> ignore
    arg [/usr/lib/gcc/i686-pc-linux-gnu/4.8.4/../../../../lib/crtn.o] ==> ignore
  remove lib [gcc_s]
  remove lib [gcc]
  remove lib [gcc_s]
  remove lib [gcc]
  collapse library dir [/usr/lib/gcc/i686-pc-linux-gnu/4.8.4] ==> [/usr/lib/gcc/i686-pc-linux-gnu/4.8.4]
  collapse library dir [/usr/lib/gcc/i686-pc-linux-gnu/4.8.4/../../../../i686-pc-linux-gnu/lib/../lib] ==> [/usr/i686-pc-linux-gnu/lib]
  collapse library dir [/usr/lib/gcc/i686-pc-linux-gnu/4.8.4/../../../../lib] ==> [/usr/lib]
  collapse library dir [/lib/../lib] ==> [/lib]
  collapse library dir [/usr/lib/../lib] ==> [/usr/lib]
  collapse library dir [/usr/lib/gcc/i686-pc-linux-gnu/4.8.4/../../../../i686-pc-linux-gnu/lib] ==> [/usr/i686-pc-linux-gnu/lib]
  collapse library dir [/usr/lib/gcc/i686-pc-linux-gnu/4.8.4/../../..] ==> [/usr/lib]
  implicit libs: [stdc++;m;c]
  implicit dirs: [/usr/lib/gcc/i686-pc-linux-gnu/4.8.4;/usr/i686-pc-linux-gnu/lib;/usr/lib;/lib]
  implicit fwks: []


